# JRE version: OpenJDK Runtime Environment AdoptOpenJDK-11.0.11+9 (11.0.11+9) (build 11.0.11+9)
# Java VM: OpenJDK 64-Bit Server VM AdoptOpenJDK-11.0.11+9 (11.0.11+9, mixed mode, tiered, compressed oops, g1 gc, bsd-amd64)
Heap:
 garbage-first heap   total 189440K, used 66637K [0x0000000780000000, 0x0000000800000000)
  region size 1024K, 51 young (52224K), 9 survivors (9216K)
 Metaspace       used 58323K, capacity 60180K, committed 60296K, reserved 1101824K
  class space    used 7558K, capacity 8309K, committed 8320K, reserved 1048576K
GC Heap History (18 events):
Event: 1.468 GC heap before
{Heap before GC invocations=0 (full 0):
 garbage-first heap   total 131072K, used 24576K [0x0000000780000000, 0x0000000800000000)
  region size 1024K, 24 young (24576K), 0 survivors (0K)
 Metaspace       used 13279K, capacity 13675K, committed 13824K, reserved 1060864K
  class space    used 1361K, capacity 1497K, committed 1536K, reserved 1048576K
}
Event: 1.477 GC heap after
{Heap after GC invocations=1 (full 0):
 garbage-first heap   total 131072K, used 7149K [0x0000000780000000, 0x0000000800000000)
  region size 1024K, 3 young (3072K), 3 survivors (3072K)
 Metaspace       used 13279K, capacity 13675K, committed 13824K, reserved 1060864K
  class space    used 1361K, capacity 1497K, committed 1536K, reserved 1048576K
}
Event: 1.936 GC heap before
{Heap before GC invocations=1 (full 0):
 garbage-first heap   total 131072K, used 80877K [0x0000000780000000, 0x0000000800000000)
  region size 1024K, 76 young (77824K), 3 survivors (3072K)
 Metaspace       used 18023K, capacity 18539K, committed 18688K, reserved 1064960K
  class space    used 1992K, capacity 2193K, committed 2304K, reserved 1048576K
}
Event: 1.946 GC heap after
{Heap after GC invocations=2 (full 0):
 garbage-first heap   total 131072K, used 8638K [0x0000000780000000, 0x0000000800000000)
  region size 1024K, 5 young (5120K), 5 survivors (5120K)
 Metaspace       used 18023K, capacity 18539K, committed 18688K, reserved 1064960K
  class space    used 1992K, capacity 2193K, committed 2304K, reserved 1048576K
}
Event: 2.171 GC heap before
{Heap before GC invocations=2 (full 0):
 garbage-first heap   total 131072K, used 29118K [0x0000000780000000, 0x0000000800000000)
  region size 1024K, 26 young (26624K), 5 survivors (5120K)
 Metaspace       used 20461K, capacity 21094K, committed 21296K, reserved 1069056K
  class space    used 2360K, capacity 2605K, committed 2688K, reserved 1048576K
}
Event: 2.182 GC heap after
{Heap after GC invocations=3 (full 0):
 garbage-first heap   total 131072K, used 9567K [0x0000000780000000, 0x0000000800000000)
  region size 1024K, 6 young (6144K), 6 survivors (6144K)
 Metaspace       used 20461K, capacity 21094K, committed 21296K, reserved 1069056K
  class space    used 2360K, capacity 2605K, committed 2688K, reserved 1048576K
}
Event: 2.631 GC heap before
{Heap before GC invocations=4 (full 0):
 garbage-first heap   total 131072K, used 80223K [0x0000000780000000, 0x0000000800000000)
  region size 1024K, 76 young (77824K), 6 survivors (6144K)
 Metaspace       used 26066K, capacity 26943K, committed 27184K, reserved 1073152K
  class space    used 3075K, capacity 3417K, committed 3456K, reserved 1048576K
}
Event: 2.644 GC heap after
{Heap after GC invocations=5 (full 0):
 garbage-first heap   total 131072K, used 11501K [0x0000000780000000, 0x0000000800000000)
  region size 1024K, 8 young (8192K), 8 survivors (8192K)
 Metaspace       used 26066K, capacity 26943K, committed 27184K, reserved 1073152K
  class space    used 3075K, capacity 3417K, committed 3456K, reserved 1048576K
}
Event: 3.373 GC heap before
{Heap before GC invocations=5 (full 0):
 garbage-first heap   total 131072K, used 80109K [0x0000000780000000, 0x0000000800000000)
  region size 1024K, 76 young (77824K), 8 survivors (8192K)
 Metaspace       used 29402K, capacity 30541K, committed 30896K, reserved 1077248K
  class space    used 3562K, capacity 3998K, committed 4096K, reserved 1048576K
}
Event: 3.393 GC heap after
{Heap after GC invocations=6 (full 0):
 garbage-first heap   total 157696K, used 13252K [0x0000000780000000, 0x0000000800000000)
  region size 1024K, 6 young (6144K), 6 survivors (6144K)
 Metaspace       used 29402K, capacity 30541K, committed 30896K, reserved 1077248K
  class space    used 3562K, capacity 3998K, committed 4096K, reserved 1048576K
}
Event: 4.029 GC heap before
{Heap before GC invocations=6 (full 0):
 garbage-first heap   total 157696K, used 65476K [0x0000000780000000, 0x0000000800000000)
  region size 1024K, 58 young (59392K), 6 survivors (6144K)
 Metaspace       used 34463K, capacity 35776K, committed 35920K, reserved 1081344K
  class space    used 4285K, capacity 4817K, committed 4864K, reserved 1048576K
}
Event: 4.042 GC heap after
{Heap after GC invocations=7 (full 0):
 garbage-first heap   total 157696K, used 16116K [0x0000000780000000, 0x0000000800000000)
  region size 1024K, 9 young (9216K), 9 survivors (9216K)
 Metaspace       used 34463K, capacity 35776K, committed 35920K, reserved 1081344K
  class space    used 4285K, capacity 4817K, committed 4864K, reserved 1048576K
}
Event: 4.275 GC heap before
{Heap before GC invocations=8 (full 0):
 garbage-first heap   total 157696K, used 95988K [0x0000000780000000, 0x0000000800000000)
  region size 1024K, 88 young (90112K), 9 survivors (9216K)
 Metaspace       used 36330K, capacity 37662K, committed 37968K, reserved 1083392K
  class space    used 4475K, capacity 5019K, committed 5120K, reserved 1048576K
}
Event: 4.284 GC heap after
{Heap after GC invocations=9 (full 0):
 garbage-first heap   total 157696K, used 17504K [0x0000000780000000, 0x0000000800000000)
  region size 1024K, 7 young (7168K), 7 survivors (7168K)
 Metaspace       used 36330K, capacity 37662K, committed 37968K, reserved 1083392K
  class space    used 4475K, capacity 5019K, committed 5120K, reserved 1048576K
}
Event: 5.481 GC heap before
{Heap before GC invocations=9 (full 0):
 garbage-first heap   total 157696K, used 100448K [0x0000000780000000, 0x0000000800000000)
  region size 1024K, 89 young (91136K), 7 survivors (7168K)
 Metaspace       used 45119K, capacity 46661K, committed 46928K, reserved 1089536K
  class space    used 5683K, capacity 6310K, committed 6400K, reserved 1048576K
}
Event: 5.491 GC heap after
{Heap after GC invocations=10 (full 0):
 garbage-first heap   total 157696K, used 21033K [0x0000000780000000, 0x0000000800000000)
  region size 1024K, 9 young (9216K), 9 survivors (9216K)
 Metaspace       used 45119K, capacity 46661K, committed 46928K, reserved 1089536K
  class space    used 5683K, capacity 6310K, committed 6400K, reserved 1048576K
}
Event: 6.410 GC heap before
{Heap before GC invocations=10 (full 0):
 garbage-first heap   total 157696K, used 105001K [0x0000000780000000, 0x0000000800000000)
  region size 1024K, 92 young (94208K), 9 survivors (9216K)
 Metaspace       used 55890K, capacity 57648K, committed 57936K, reserved 1099776K
  class space    used 7219K, capacity 7921K, committed 7936K, reserved 1048576K
}
Event: 6.417 GC heap after
{Heap after GC invocations=11 (full 0):
 garbage-first heap   total 189440K, used 24653K [0x0000000780000000, 0x0000000800000000)
  region size 1024K, 9 young (9216K), 9 survivors (9216K)
 Metaspace       used 55890K, capacity 57648K, committed 57936K, reserved 1099776K
  class space    used 7219K, capacity 7921K, committed 7936K, reserved 1048576K
}

